TN:
SF:/home/stepan/Desktop/c/school21_projects/basic_projects/C7_SmartCalc_v1.0-1/src/s21_smartcalc.c
FN:3,outputResult
FNDA:4,outputResult
FN:26,graphResult
FNDA:2,graphResult
FN:45,calculationsWithX
FNDA:4,calculationsWithX
FN:66,calculations
FNDA:4,calculations
FN:85,operatorsWithTwoNumberCheck
FNDA:400,operatorsWithTwoNumberCheck
FN:93,operatorsWithOneNumberCheck
FNDA:318,operatorsWithOneNumberCheck
FN:101,executeCalc
FNDA:104,executeCalc
FN:118,executeCalcOne
FNDA:55,executeCalcOne
FN:143,toPostFix
FNDA:8,toPostFix
FN:192,isValidOperator
FNDA:232,isValidOperator
FN:197,isValidFunction
FNDA:75,isValidFunction
FN:205,isValidExpression
FNDA:10,isValidExpression
FN:246,dealWithFunctions
FNDA:54,dealWithFunctions
FN:314,stringWork
FNDA:267,stringWork
FN:326,operationPriority
FNDA:458,operationPriority
FN:350,init_stack
FNDA:8,init_stack
FN:365,is_stack_empty
FNDA:908,is_stack_empty
FN:373,is_stack_full
FNDA:221,is_stack_full
FN:381,push
FNDA:221,push
FN:388,peek
FNDA:299,peek
FN:396,pop
FNDA:221,pop
FN:405,init_double_stack
FNDA:7,init_double_stack
FN:415,is_double_stack_empty
FNDA:271,is_double_stack_empty
FN:423,is_double_stack_full
FNDA:267,is_double_stack_full
FN:431,push_into_double
FNDA:267,push_into_double
FN:438,pop_double_stack
FNDA:271,pop_double_stack
FN:447,remove_double_stack
FNDA:7,remove_double_stack
DA:3,4
DA:4,4
DA:5,4
DA:6,1
DA:8,3
DA:9,3
DA:10,3
DA:11,3
DA:12,3
DA:13,1
DA:15,2
DA:17,3
DA:18,3
DA:19,3
DA:20,3
DA:21,3
DA:23,4
DA:26,2
DA:27,2
DA:28,2
DA:29,1
DA:31,1
DA:32,1
DA:33,1
DA:34,1
DA:35,1
DA:36,1
DA:37,1
DA:38,1
DA:39,1
DA:40,1
DA:42,2
DA:45,4
DA:46,190
DA:47,186
DA:48,4
DA:49,182
DA:51,51
DA:52,51
DA:53,51
DA:54,131
DA:55,53
DA:56,53
DA:57,53
DA:58,78
DA:59,27
DA:60,27
DA:63,4
DA:66,4
DA:67,189
DA:68,185
DA:70,53
DA:71,53
DA:72,53
DA:73,132
DA:74,51
DA:75,51
DA:76,51
DA:77,81
DA:78,28
DA:79,28
DA:82,4
DA:85,400
DA:86,400
DA:87,400
DA:88,210
DA:90,400
DA:93,318
DA:94,318
DA:95,318
DA:96,109
DA:98,318
DA:101,104
DA:102,104
DA:103,104
DA:104,35
DA:105,69
DA:106,6
DA:107,63
DA:108,33
DA:109,30
DA:110,18
DA:111,12
DA:112,6
DA:113,6
DA:114,6
DA:115,104
DA:118,55
DA:119,55
DA:120,55
DA:121,1
DA:122,54
DA:123,6
DA:124,48
DA:125,6
DA:126,42
DA:127,6
DA:128,36
DA:129,6
DA:130,30
DA:131,6
DA:132,24
DA:133,6
DA:134,18
DA:135,6
DA:136,12
DA:137,6
DA:138,6
DA:139,6
DA:140,55
DA:143,8
DA:144,8
DA:145,8
DA:146,8
DA:147,399
DA:148,391
DA:149,108
DA:150,4
DA:151,4
DA:152,4
DA:155,104
DA:156,104
DA:157,104
DA:158,104
DA:159,104
DA:160,104
DA:161,104
DA:162,104
DA:163,104
DA:165,283
DA:166,62
DA:167,221
DA:168,70
DA:169,8
DA:171,62
DA:172,159
DA:173,54
DA:174,105
DA:175,105
DA:176,1
DA:178,417
DA:179,175
DA:180,137
DA:182,105
DA:185,22
DA:186,14
DA:188,8
DA:189,8
DA:192,232
DA:193,180
DA:194,412
DA:197,75
DA:198,66
DA:199,57
DA:200,44
DA:201,151
DA:202,10
DA:205,10
DA:206,10
DA:207,10
DA:208,10
DA:209,559
DA:210,549
DA:211,222
DA:212,222
DA:213,327
DA:214,10
DA:215,10
DA:216,317
DA:217,85
DA:218,85
DA:219,232
DA:220,157
DA:221,157
DA:222,157
DA:225,75
DA:226,313
DA:227,238
DA:229,75
DA:230,75
DA:231,74
DA:232,74
DA:233,74
DA:235,1
DA:239,10
DA:240,10
DA:241,4
DA:243,10
DA:246,54
DA:247,54
DA:248,12
DA:249,6
DA:250,0
DA:252,6
DA:253,6
DA:254,48
DA:255,12
DA:256,6
DA:257,0
DA:259,6
DA:260,6
DA:261,42
DA:262,12
DA:263,6
DA:264,0
DA:266,6
DA:267,6
DA:268,36
DA:269,12
DA:270,6
DA:271,0
DA:273,6
DA:274,6
DA:275,30
DA:276,12
DA:277,6
DA:278,0
DA:280,6
DA:281,6
DA:282,24
DA:283,12
DA:284,6
DA:285,0
DA:287,6
DA:288,6
DA:289,18
DA:290,12
DA:291,6
DA:292,0
DA:294,6
DA:295,6
DA:296,12
DA:297,12
DA:298,6
DA:299,0
DA:301,6
DA:302,6
DA:303,6
DA:304,12
DA:305,6
DA:306,0
DA:308,6
DA:309,6
DA:311,54
DA:314,267
DA:315,267
DA:316,267
DA:318,267
DA:319,0
DA:320,0
DA:322,267
DA:323,267
DA:324,267
DA:326,458
DA:327,458
DA:328,458
DA:329,14
DA:330,444
DA:331,117
DA:332,327
DA:333,130
DA:334,197
DA:335,33
DA:336,164
DA:337,24
DA:338,140
DA:339,12
DA:340,128
DA:341,24
DA:342,104
DA:343,2
DA:344,102
DA:345,102
DA:347,458
DA:350,8
DA:351,8
DA:352,8
DA:353,8
DA:354,0
DA:356,8
DA:357,8
DA:358,0
DA:362,8
DA:365,908
DA:366,908
DA:367,0
DA:370,908
DA:373,221
DA:374,221
DA:375,0
DA:378,221
DA:381,221
DA:382,221
DA:383,221
DA:384,221
DA:386,221
DA:388,299
DA:389,299
DA:390,0
DA:393,299
DA:396,221
DA:397,221
DA:398,0
DA:401,221
DA:402,221
DA:405,7
DA:406,7
DA:407,7
DA:408,7
DA:409,7
DA:412,7
DA:415,271
DA:416,271
DA:417,0
DA:420,271
DA:423,267
DA:424,267
DA:425,0
DA:428,267
DA:431,267
DA:432,267
DA:433,267
DA:434,267
DA:436,267
DA:438,271
DA:439,271
DA:440,4
DA:443,267
DA:444,267
DA:447,7
DA:448,7
DA:449,7
DA:450,7
DA:451,7
DA:453,7
end_of_record
TN:
SF:/home/stepan/Desktop/c/school21_projects/basic_projects/C7_SmartCalc_v1.0-1/src/tests/test_s21_smartcalc.c
FN:3,smart_calculation_fn
FNDA:1,smart_calculation_fn
FN:25,smart_calculation_with_x_fn
FNDA:1,smart_calculation_with_x_fn
FN:44,smart_calculation_main_fn
FNDA:1,smart_calculation_main_fn
FN:91,smart_calculation_validation_fn
FNDA:1,smart_calculation_validation_fn
FN:111,test_s21_smartcalc
FNDA:1,test_s21_smartcalc
FN:125,main
FNDA:1,main
DA:3,1
DA:4,1
DA:5,1
DA:6,1
DA:9,1
DA:10,1
DA:15,1
DA:16,1
DA:17,1
DA:18,1
DA:19,1
DA:20,1
DA:21,1
DA:22,1
DA:25,1
DA:26,1
DA:27,1
DA:28,1
DA:31,1
DA:36,1
DA:37,1
DA:38,1
DA:39,1
DA:40,1
DA:41,1
DA:44,1
DA:45,1
DA:46,1
DA:47,1
DA:55,1
DA:63,1
DA:71,1
DA:78,1
DA:82,1
DA:86,1
DA:87,1
DA:88,1
DA:91,1
DA:92,1
DA:96,1
DA:100,1
DA:104,1
DA:108,1
DA:111,1
DA:112,1
DA:114,1
DA:115,1
DA:116,1
DA:117,1
DA:119,1
DA:120,1
DA:122,1
DA:125,1
DA:126,1
DA:127,1
DA:129,2
DA:130,1
DA:132,1
DA:133,1
DA:135,1
DA:136,1
DA:138,1
DA:140,1
end_of_record
